----------------------------WARN--------------------------------
Date	 : 2024-04-27 22:48:06
CLASS NAME: JpaBaseConfiguration$JpaWebConfiguration
spring.jpa.open-in-view is enabled by default. Therefore, database queries may be performed during view rendering. Explicitly configure spring.jpa.open-in-view to disable this warning

----------------------------INFO--------------------------------
Date	 : 2024-04-27 22:48:07
CLASS NAME: DefaultSecurityFilterChain
Will secure any request with [org.springframework.security.web.session.DisableEncodeUrlFilter@18a538a0, org.springframework.security.web.context.request.async.WebAsyncManagerIntegrationFilter@70736b19, org.springframework.security.web.context.SecurityContextHolderFilter@21dbd651, org.springframework.security.web.header.HeaderWriterFilter@11df0bc7, org.springframework.web.filter.CorsFilter@183e64a8, org.springframework.security.web.authentication.logout.LogoutFilter@5c8859b4, com.dasa.rms.configurations.security.JwtFilter@5a6d4dee, org.springframework.security.web.savedrequest.RequestCacheAwareFilter@6a577564, org.springframework.security.web.servletapi.SecurityContextHolderAwareRequestFilter@67915454, org.springframework.security.web.authentication.AnonymousAuthenticationFilter@7a553110, org.springframework.security.web.session.SessionManagementFilter@4557723a, org.springframework.security.web.access.ExceptionTranslationFilter@4349389d, org.springframework.security.web.access.intercept.AuthorizationFilter@2f08e6d3]

----------------------------INFO--------------------------------
Date	 : 2024-04-27 22:48:07
CLASS NAME: TomcatWebServer
Tomcat started on port 8089 (http) with context path ''

----------------------------INFO--------------------------------
Date	 : 2024-04-27 22:48:07
CLASS NAME: RmsApplication
Started RmsApplication in 6.342 seconds (process running for 7.275)

----------------------------INFO--------------------------------
Date	 : 2024-04-27 22:49:44
CLASS NAME: LocalContainerEntityManagerFactoryBean
Closing JPA EntityManagerFactory for persistence unit 'default'

----------------------------INFO--------------------------------
Date	 : 2024-04-27 22:49:44
CLASS NAME: HikariDataSource
HikariPool-1 - Shutdown initiated...

----------------------------INFO--------------------------------
Date	 : 2024-04-27 22:49:44
CLASS NAME: HikariDataSource
HikariPool-1 - Shutdown completed.

----------------------------WARN--------------------------------
Date	 : 2024-04-27 22:49:52
CLASS NAME: JpaBaseConfiguration$JpaWebConfiguration
spring.jpa.open-in-view is enabled by default. Therefore, database queries may be performed during view rendering. Explicitly configure spring.jpa.open-in-view to disable this warning

----------------------------INFO--------------------------------
Date	 : 2024-04-27 22:49:52
CLASS NAME: DefaultSecurityFilterChain
Will secure any request with [org.springframework.security.web.session.DisableEncodeUrlFilter@665e18d5, org.springframework.security.web.context.request.async.WebAsyncManagerIntegrationFilter@4795876e, org.springframework.security.web.context.SecurityContextHolderFilter@4e797a39, org.springframework.security.web.header.HeaderWriterFilter@64a9fca7, org.springframework.web.filter.CorsFilter@5c8859b4, org.springframework.security.web.authentication.logout.LogoutFilter@5aff8207, com.dasa.rms.configurations.security.JwtFilter@74070994, org.springframework.security.web.savedrequest.RequestCacheAwareFilter@4349389d, org.springframework.security.web.servletapi.SecurityContextHolderAwareRequestFilter@147203c2, org.springframework.security.web.authentication.AnonymousAuthenticationFilter@56897de0, org.springframework.security.web.session.SessionManagementFilter@46c92d27, org.springframework.security.web.access.ExceptionTranslationFilter@7f0b2bf1, org.springframework.security.web.access.intercept.AuthorizationFilter@30623109]

----------------------------INFO--------------------------------
Date	 : 2024-04-27 22:49:53
CLASS NAME: TomcatWebServer
Tomcat started on port 8089 (http) with context path ''

----------------------------INFO--------------------------------
Date	 : 2024-04-27 22:49:53
CLASS NAME: RmsApplication
Started RmsApplication in 5.027 seconds (process running for 5.703)

----------------------------INFO--------------------------------
Date	 : 2024-04-27 23:00:08
CLASS NAME: LocalContainerEntityManagerFactoryBean
Closing JPA EntityManagerFactory for persistence unit 'default'

----------------------------INFO--------------------------------
Date	 : 2024-04-27 23:00:08
CLASS NAME: HikariDataSource
HikariPool-1 - Shutdown initiated...

----------------------------INFO--------------------------------
Date	 : 2024-04-27 23:00:08
CLASS NAME: HikariDataSource
HikariPool-1 - Shutdown completed.

----------------------------WARN--------------------------------
Date	 : 2024-04-27 23:00:16
CLASS NAME: JpaBaseConfiguration$JpaWebConfiguration
spring.jpa.open-in-view is enabled by default. Therefore, database queries may be performed during view rendering. Explicitly configure spring.jpa.open-in-view to disable this warning

----------------------------INFO--------------------------------
Date	 : 2024-04-27 23:00:16
CLASS NAME: DefaultSecurityFilterChain
Will secure any request with [org.springframework.security.web.session.DisableEncodeUrlFilter@5f63a6f2, org.springframework.security.web.context.request.async.WebAsyncManagerIntegrationFilter@6a577564, org.springframework.security.web.context.SecurityContextHolderFilter@33ef393a, org.springframework.security.web.header.HeaderWriterFilter@42eaf47f, org.springframework.web.filter.CorsFilter@67915454, org.springframework.security.web.authentication.logout.LogoutFilter@147203c2, com.dasa.rms.configurations.security.JwtFilter@304704ae, org.springframework.security.web.savedrequest.RequestCacheAwareFilter@1ebcfcf1, org.springframework.security.web.servletapi.SecurityContextHolderAwareRequestFilter@8e100e7, org.springframework.security.web.authentication.AnonymousAuthenticationFilter@18876fa9, org.springframework.security.web.session.SessionManagementFilter@361d169a, org.springframework.security.web.access.ExceptionTranslationFilter@6cc022ac, org.springframework.security.web.access.intercept.AuthorizationFilter@7308d133]

----------------------------INFO--------------------------------
Date	 : 2024-04-27 23:00:16
CLASS NAME: TomcatWebServer
Tomcat started on port 8089 (http) with context path ''

----------------------------INFO--------------------------------
Date	 : 2024-04-27 23:00:16
CLASS NAME: RmsApplication
Started RmsApplication in 4.839 seconds (process running for 5.495)

----------------------------INFO--------------------------------
Date	 : 2024-04-27 23:03:58
CLASS NAME: LocalContainerEntityManagerFactoryBean
Closing JPA EntityManagerFactory for persistence unit 'default'

----------------------------INFO--------------------------------
Date	 : 2024-04-27 23:03:58
CLASS NAME: HikariDataSource
HikariPool-1 - Shutdown initiated...

----------------------------INFO--------------------------------
Date	 : 2024-04-27 23:03:58
CLASS NAME: HikariDataSource
HikariPool-1 - Shutdown completed.

----------------------------WARN--------------------------------
Date	 : 2024-04-27 23:04:06
CLASS NAME: JpaBaseConfiguration$JpaWebConfiguration
spring.jpa.open-in-view is enabled by default. Therefore, database queries may be performed during view rendering. Explicitly configure spring.jpa.open-in-view to disable this warning

----------------------------INFO--------------------------------
Date	 : 2024-04-27 23:04:06
CLASS NAME: DefaultSecurityFilterChain
Will secure any request with [org.springframework.security.web.session.DisableEncodeUrlFilter@278df226, org.springframework.security.web.context.request.async.WebAsyncManagerIntegrationFilter@eea69a9, org.springframework.security.web.context.SecurityContextHolderFilter@64a9fca7, org.springframework.security.web.header.HeaderWriterFilter@52288c65, org.springframework.web.filter.CorsFilter@28a33dc9, org.springframework.security.web.authentication.logout.LogoutFilter@7308d133, com.dasa.rms.configurations.security.JwtFilter@639bf405, org.springframework.security.web.savedrequest.RequestCacheAwareFilter@485a5c9, org.springframework.security.web.servletapi.SecurityContextHolderAwareRequestFilter@1d397e87, org.springframework.security.web.authentication.AnonymousAuthenticationFilter@1609ed55, org.springframework.security.web.session.SessionManagementFilter@31aee6d9, org.springframework.security.web.access.ExceptionTranslationFilter@361d169a, org.springframework.security.web.access.intercept.AuthorizationFilter@1407b93f]

----------------------------INFO--------------------------------
Date	 : 2024-04-27 23:04:06
CLASS NAME: TomcatWebServer
Tomcat started on port 8089 (http) with context path ''

----------------------------INFO--------------------------------
Date	 : 2024-04-27 23:04:06
CLASS NAME: RmsApplication
Started RmsApplication in 4.84 seconds (process running for 5.502)

----------------------------INFO--------------------------------
Date	 : 2024-04-27 23:04:21
CLASS NAME: LocalContainerEntityManagerFactoryBean
Closing JPA EntityManagerFactory for persistence unit 'default'

----------------------------INFO--------------------------------
Date	 : 2024-04-27 23:04:21
CLASS NAME: HikariDataSource
HikariPool-1 - Shutdown initiated...

----------------------------INFO--------------------------------
Date	 : 2024-04-27 23:04:21
CLASS NAME: HikariDataSource
HikariPool-1 - Shutdown completed.

----------------------------WARN--------------------------------
Date	 : 2024-04-27 23:04:29
CLASS NAME: JpaBaseConfiguration$JpaWebConfiguration
spring.jpa.open-in-view is enabled by default. Therefore, database queries may be performed during view rendering. Explicitly configure spring.jpa.open-in-view to disable this warning

----------------------------INFO--------------------------------
Date	 : 2024-04-27 23:04:30
CLASS NAME: DefaultSecurityFilterChain
Will secure any request with [org.springframework.security.web.session.DisableEncodeUrlFilter@18876fa9, org.springframework.security.web.context.request.async.WebAsyncManagerIntegrationFilter@5a110e7d, org.springframework.security.web.context.SecurityContextHolderFilter@8e100e7, org.springframework.security.web.header.HeaderWriterFilter@2f307fcc, org.springframework.web.filter.CorsFilter@b3cbc0e, org.springframework.security.web.authentication.logout.LogoutFilter@6ccfce5a, com.dasa.rms.configurations.security.JwtFilter@2c7607e5, org.springframework.security.web.savedrequest.RequestCacheAwareFilter@6d3a56ea, org.springframework.security.web.servletapi.SecurityContextHolderAwareRequestFilter@141874c8, org.springframework.security.web.authentication.AnonymousAuthenticationFilter@66e27ac9, org.springframework.security.web.session.SessionManagementFilter@33ef393a, org.springframework.security.web.access.ExceptionTranslationFilter@312e8eaf, org.springframework.security.web.access.intercept.AuthorizationFilter@5f63a6f2]

----------------------------INFO--------------------------------
Date	 : 2024-04-27 23:04:30
CLASS NAME: TomcatWebServer
Tomcat started on port 8089 (http) with context path ''

----------------------------INFO--------------------------------
Date	 : 2024-04-27 23:04:30
CLASS NAME: RmsApplication
Started RmsApplication in 4.844 seconds (process running for 5.559)

----------------------------INFO--------------------------------
Date	 : 2024-04-27 23:05:38
CLASS NAME: LocalContainerEntityManagerFactoryBean
Closing JPA EntityManagerFactory for persistence unit 'default'

----------------------------INFO--------------------------------
Date	 : 2024-04-27 23:05:38
CLASS NAME: HikariDataSource
HikariPool-1 - Shutdown initiated...

----------------------------INFO--------------------------------
Date	 : 2024-04-27 23:05:38
CLASS NAME: HikariDataSource
HikariPool-1 - Shutdown completed.

----------------------------WARN--------------------------------
Date	 : 2024-04-27 23:05:47
CLASS NAME: JpaBaseConfiguration$JpaWebConfiguration
spring.jpa.open-in-view is enabled by default. Therefore, database queries may be performed during view rendering. Explicitly configure spring.jpa.open-in-view to disable this warning

----------------------------INFO--------------------------------
Date	 : 2024-04-27 23:05:48
CLASS NAME: DefaultSecurityFilterChain
Will secure any request with [org.springframework.security.web.session.DisableEncodeUrlFilter@21dbd651, org.springframework.security.web.context.request.async.WebAsyncManagerIntegrationFilter@5f63a6f2, org.springframework.security.web.context.SecurityContextHolderFilter@52288c65, org.springframework.security.web.header.HeaderWriterFilter@7f219e84, org.springframework.web.filter.CorsFilter@6a577564, org.springframework.security.web.authentication.logout.LogoutFilter@4349389d, com.dasa.rms.configurations.security.JwtFilter@75b25ec3, org.springframework.security.web.savedrequest.RequestCacheAwareFilter@6d18401b, org.springframework.security.web.servletapi.SecurityContextHolderAwareRequestFilter@1ebcfcf1, org.springframework.security.web.authentication.AnonymousAuthenticationFilter@67915454, org.springframework.security.web.session.SessionManagementFilter@352a8183, org.springframework.security.web.access.ExceptionTranslationFilter@1b1d1558, org.springframework.security.web.access.intercept.AuthorizationFilter@4557723a]

----------------------------INFO--------------------------------
Date	 : 2024-04-27 23:05:48
CLASS NAME: TomcatWebServer
Tomcat started on port 8089 (http) with context path ''

----------------------------INFO--------------------------------
Date	 : 2024-04-27 23:05:48
CLASS NAME: RmsApplication
Started RmsApplication in 4.979 seconds (process running for 5.607)

----------------------------INFO--------------------------------
Date	 : 2024-04-27 23:07:31
CLASS NAME: LocalContainerEntityManagerFactoryBean
Closing JPA EntityManagerFactory for persistence unit 'default'

----------------------------INFO--------------------------------
Date	 : 2024-04-27 23:07:31
CLASS NAME: HikariDataSource
HikariPool-1 - Shutdown initiated...

----------------------------INFO--------------------------------
Date	 : 2024-04-27 23:07:31
CLASS NAME: HikariDataSource
HikariPool-1 - Shutdown completed.

----------------------------WARN--------------------------------
Date	 : 2024-04-27 23:07:39
CLASS NAME: JpaBaseConfiguration$JpaWebConfiguration
spring.jpa.open-in-view is enabled by default. Therefore, database queries may be performed during view rendering. Explicitly configure spring.jpa.open-in-view to disable this warning

----------------------------INFO--------------------------------
Date	 : 2024-04-27 23:07:39
CLASS NAME: DefaultSecurityFilterChain
Will secure any request with [org.springframework.security.web.session.DisableEncodeUrlFilter@6a486afb, org.springframework.security.web.context.request.async.WebAsyncManagerIntegrationFilter@30623109, org.springframework.security.web.context.SecurityContextHolderFilter@a15e3c1, org.springframework.security.web.header.HeaderWriterFilter@50f5ce5b, org.springframework.web.filter.CorsFilter@138110f8, org.springframework.security.web.authentication.logout.LogoutFilter@170b27a7, com.dasa.rms.configurations.security.JwtFilter@5c6be812, org.springframework.security.web.savedrequest.RequestCacheAwareFilter@2bc52b08, org.springframework.security.web.servletapi.SecurityContextHolderAwareRequestFilter@6b578779, org.springframework.security.web.authentication.AnonymousAuthenticationFilter@4fe8ac61, org.springframework.security.web.session.SessionManagementFilter@10ab976b, org.springframework.security.web.access.ExceptionTranslationFilter@38aed8ad, org.springframework.security.web.access.intercept.AuthorizationFilter@5c00de0d]

----------------------------INFO--------------------------------
Date	 : 2024-04-27 23:07:40
CLASS NAME: TomcatWebServer
Tomcat started on port 8089 (http) with context path ''

----------------------------INFO--------------------------------
Date	 : 2024-04-27 23:07:40
CLASS NAME: RmsApplication
Started RmsApplication in 5.022 seconds (process running for 5.724)

----------------------------INFO--------------------------------
Date	 : 2024-04-27 23:08:52
CLASS NAME: LocalContainerEntityManagerFactoryBean
Closing JPA EntityManagerFactory for persistence unit 'default'

----------------------------INFO--------------------------------
Date	 : 2024-04-27 23:08:52
CLASS NAME: HikariDataSource
HikariPool-1 - Shutdown initiated...

----------------------------INFO--------------------------------
Date	 : 2024-04-27 23:08:52
CLASS NAME: HikariDataSource
HikariPool-1 - Shutdown completed.

